<?xml version="1.0" encoding="UTF-8"?>
<!-- Generated by org.testng.reporters.JUnitReportReporter -->
<testsuite skipped="1" hostname="ThisPC" name="qsp.ExcelDataUsing" tests="1" failures="0" timestamp="2022-10-30T10:20:37 IST" time="0.000" errors="0">
  <testcase name="loginTest" time="0.000" classname="qsp.ExcelDataUsing">
    <skipped/>
  </testcase> <!-- loginTest -->
  <system-out/>
</testsuite> <!-- qsp.ExcelDataUsing -->
