<?xml version="1.0" encoding="UTF-8"?>
<!-- Generated by org.testng.reporters.JUnitReportReporter -->
<testsuite skipped="0" hostname="ThisPC" name="qsp.ParallelExcution" tests="3" failures="0" timestamp="2022-12-05T12:06:50 IST" time="0.022" errors="0">
  <testcase name="test1" time="0.011" classname="qsp.ParallelExcution"/>
  <system-out/>
  <testcase name="test2" time="0.000" classname="qsp.ParallelExcution"/>
  <system-out/>
  <testcase name="test1" time="0.011" classname="qsp.ParallelExcution"/>
  <system-out/>
</testsuite> <!-- qsp.ParallelExcution -->
