<?xml version="1.0" encoding="UTF-8"?>
<!-- Generated by org.testng.reporters.JUnitReportReporter -->
<testsuite skipped="0" hostname="ThisPC" name="qsp.POM" tests="1" failures="0" timestamp="2022-10-29T22:26:23 IST" time="13.155" errors="0">
  <testcase name="setUp" time="13.155" classname="qsp.POM"/>
  <system-out/>
</testsuite> <!-- qsp.POM -->
